<?xml version="1.0" encoding="utf-8"?>
<CoverageSession>
  <Summary numSequencePoints="68" visitedSequencePoints="64" numBranchPoints="36" visitedBranchPoints="26" sequenceCoverage="94.11" branchCoverage="72.22" maxCyclomaticComplexity="39" minCyclomaticComplexity="0" visitedClasses="2" numClasses="2" visitedMethods="9" numMethods="9" />
  <Modules>
    <Module hash="092D9410-3734-4371-A1A3-17823146A400">
      <ModulePath>RulesChain.Contracts.dll</ModulePath>
      <ModuleTime>2023-07-11T12:40:29</ModuleTime>
      <ModuleName>RulesChain.Contracts</ModuleName>
      <Files />
      <Classes />
    </Module>
    <Module hash="1E079EFA-6C01-4BE9-B85C-8AD2C62F8BC9">
      <ModulePath>RulesChain.dll</ModulePath>
      <ModuleTime>2023-07-11T12:40:29</ModuleTime>
      <ModuleName>RulesChain</ModuleName>
      <Files>
        <File uid="1" fullPath="D:\projetos\open-source\RulesChain\src\RulesChain\Rule.cs" />
        <File uid="2" fullPath="D:\projetos\open-source\RulesChain\src\RulesChain\RuleChain.cs" />
      </Files>
      <Classes>
        <Class>
          <Summary numSequencePoints="11" visitedSequencePoints="11" numBranchPoints="4" visitedBranchPoints="4" sequenceCoverage="100" branchCoverage="100" maxCyclomaticComplexity="4" minCyclomaticComplexity="1" visitedClasses="1" numClasses="1" visitedMethods="2" numMethods="2" />
          <FullName>RulesChain.Rule`1</FullName>
          <Methods>
            <Method cyclomaticComplexity="4" nPathComplexity="4" sequenceCoverage="100" branchCoverage="100" isConstructor="False" isGetter="False" isSetter="False" isStatic="True">
              <Summary numSequencePoints="7" visitedSequencePoints="7" numBranchPoints="4" visitedBranchPoints="4" sequenceCoverage="100" branchCoverage="100" maxCyclomaticComplexity="4" minCyclomaticComplexity="4" visitedClasses="0" numClasses="0" visitedMethods="1" numMethods="1" />
              <MetadataToken />
              <Name>System.Threading.Tasks.Task RulesChain.Rule`1::Invoke(TContext)</Name>
              <FileRef uid="1" />
              <SequencePoints>
                <SequencePoint vc="14" uspid="24" ordinal="0" sl="24" sc="1" el="24" ec="2" bec="0" bev="0" fileid="1" />
                <SequencePoint vc="14" uspid="25" ordinal="1" sl="25" sc="1" el="25" ec="2" bec="2" bev="2" fileid="1" />
                <SequencePoint vc="11" uspid="26" ordinal="2" sl="26" sc="1" el="26" ec="2" bec="0" bev="0" fileid="1" />
                <SequencePoint vc="3" uspid="28" ordinal="3" sl="28" sc="1" el="28" ec="2" bec="2" bev="2" fileid="1" />
                <SequencePoint vc="3" uspid="29" ordinal="4" sl="29" sc="1" el="29" ec="2" bec="0" bev="0" fileid="1" />
                <SequencePoint vc="3" uspid="30" ordinal="5" sl="30" sc="1" el="30" ec="2" bec="0" bev="0" fileid="1" />
                <SequencePoint vc="14" uspid="31" ordinal="6" sl="31" sc="1" el="31" ec="2" bec="0" bev="0" fileid="1" />
              </SequencePoints>
              <BranchPoints>
                <BranchPoint vc="11" uspid="25" ordinal="0" path="0" offset="10" offsetend="12" sl="25" fileid="1" />
                <BranchPoint vc="3" uspid="25" ordinal="1" path="1" offset="10" offsetend="22" sl="25" fileid="1" />
                <BranchPoint vc="1" uspid="28" ordinal="2" path="0" offset="28" offsetend="30" sl="28" fileid="1" />
                <BranchPoint vc="2" uspid="28" ordinal="3" path="1" offset="28" offsetend="37" sl="28" fileid="1" />
              </BranchPoints>
              <MethodPoint vc="7" uspid="0" p8:type="SequencePoint" ordinal="0" offset="0" sc="0" sl="24" ec="1" el="31" bec="0" bev="0" fileid="1" xmlns:p8="xsi" />
            </Method>
            <Method cyclomaticComplexity="1" nPathComplexity="1" sequenceCoverage="100" branchCoverage="100" isConstructor="True" isGetter="False" isSetter="False" isStatic="True">
              <Summary numSequencePoints="4" visitedSequencePoints="4" numBranchPoints="0" visitedBranchPoints="0" sequenceCoverage="100" branchCoverage="100" maxCyclomaticComplexity="1" minCyclomaticComplexity="1" visitedClasses="0" numClasses="0" visitedMethods="1" numMethods="1" />
              <MetadataToken />
              <Name>System.Void RulesChain.Rule`1::.ctor(RulesChain.Contracts.RuleHandlerDelegate`1&lt;TContext&gt;)</Name>
              <FileRef uid="1" />
              <SequencePoints>
                <SequencePoint vc="14" uspid="11" ordinal="0" sl="11" sc="1" el="11" ec="2" bec="0" bev="0" fileid="1" />
                <SequencePoint vc="14" uspid="12" ordinal="1" sl="12" sc="1" el="12" ec="2" bec="0" bev="0" fileid="1" />
                <SequencePoint vc="14" uspid="13" ordinal="2" sl="13" sc="1" el="13" ec="2" bec="0" bev="0" fileid="1" />
                <SequencePoint vc="14" uspid="14" ordinal="3" sl="14" sc="1" el="14" ec="2" bec="0" bev="0" fileid="1" />
              </SequencePoints>
              <BranchPoints />
              <MethodPoint vc="4" uspid="0" p8:type="SequencePoint" ordinal="1" offset="1" sc="0" sl="11" ec="1" el="14" bec="0" bev="0" fileid="1" xmlns:p8="xsi" />
            </Method>
          </Methods>
        </Class>
        <Class>
          <Summary numSequencePoints="57" visitedSequencePoints="53" numBranchPoints="32" visitedBranchPoints="22" sequenceCoverage="92.98" branchCoverage="68.75" maxCyclomaticComplexity="10" minCyclomaticComplexity="1" visitedClasses="1" numClasses="1" visitedMethods="7" numMethods="7" />
          <FullName>RulesChain.RuleChain`1</FullName>
          <Methods>
            <Method cyclomaticComplexity="4" nPathComplexity="4" sequenceCoverage="100" branchCoverage="100" isConstructor="False" isGetter="False" isSetter="False" isStatic="True">
              <Summary numSequencePoints="5" visitedSequencePoints="5" numBranchPoints="4" visitedBranchPoints="4" sequenceCoverage="100" branchCoverage="100" maxCyclomaticComplexity="4" minCyclomaticComplexity="4" visitedClasses="0" numClasses="0" visitedMethods="1" numMethods="1" />
              <MetadataToken />
              <Name>System.Object RulesChain.RuleChain`1::GetService(System.Type,System.Object[])</Name>
              <FileRef uid="2" />
              <SequencePoints>
                <SequencePoint vc="16" uspid="28" ordinal="0" sl="28" sc="1" el="28" ec="2" bec="0" bev="0" fileid="2" />
                <SequencePoint vc="16" uspid="29" ordinal="1" sl="29" sc="1" el="29" ec="2" bec="4" bev="4" fileid="2" />
                <SequencePoint vc="16" uspid="30" ordinal="2" sl="30" sc="1" el="30" ec="2" bec="0" bev="0" fileid="2" />
                <SequencePoint vc="16" uspid="31" ordinal="3" sl="31" sc="1" el="31" ec="2" bec="0" bev="0" fileid="2" />
                <SequencePoint vc="16" uspid="32" ordinal="4" sl="32" sc="1" el="32" ec="2" bec="0" bev="0" fileid="2" />
              </SequencePoints>
              <BranchPoints>
                <BranchPoint vc="12" uspid="29" ordinal="0" path="0" offset="2" offsetend="4" sl="29" fileid="2" />
                <BranchPoint vc="12" uspid="29" ordinal="2" path="0" offset="6" offsetend="8" sl="29" fileid="2" />
                <BranchPoint vc="4" uspid="29" ordinal="1" path="1" offset="2" offsetend="17" sl="29" fileid="2" />
                <BranchPoint vc="4" uspid="29" ordinal="3" path="1" offset="6" offsetend="17" sl="29" fileid="2" />
              </BranchPoints>
              <MethodPoint vc="5" uspid="0" p8:type="SequencePoint" ordinal="0" offset="0" sc="0" sl="28" ec="1" el="32" bec="0" bev="0" fileid="2" xmlns:p8="xsi" />
            </Method>
            <Method cyclomaticComplexity="6" nPathComplexity="6" sequenceCoverage="100" branchCoverage="83.33" isConstructor="False" isGetter="False" isSetter="False" isStatic="True">
              <Summary numSequencePoints="11" visitedSequencePoints="11" numBranchPoints="6" visitedBranchPoints="5" sequenceCoverage="100" branchCoverage="83.33" maxCyclomaticComplexity="6" minCyclomaticComplexity="6" visitedClasses="0" numClasses="0" visitedMethods="1" numMethods="1" />
              <MetadataToken />
              <Name>RulesChain.Contracts.RuleHandlerDelegate`1&lt;TContext&gt; RulesChain.RuleChain`1::Build()</Name>
              <FileRef uid="2" />
              <SequencePoints>
                <SequencePoint vc="4" uspid="36" ordinal="0" sl="36" sc="1" el="36" ec="2" bec="0" bev="0" fileid="2" />
                <SequencePoint vc="4" uspid="37" ordinal="1" sl="37" sc="1" el="37" ec="2" bec="2" bev="1" fileid="2" />
                <SequencePoint vc="8" uspid="38" ordinal="2" sl="38" sc="1" el="38" ec="2" bec="2" bev="2" fileid="2" />
                <SequencePoint vc="16" uspid="39" ordinal="3" sl="39" sc="1" el="39" ec="2" bec="2" bev="2" fileid="2" />
                <SequencePoint vc="12" uspid="40" ordinal="4" sl="40" sc="1" el="40" ec="2" bec="0" bev="0" fileid="2" />
                <SequencePoint vc="12" uspid="41" ordinal="5" sl="41" sc="1" el="41" ec="2" bec="0" bev="0" fileid="2" />
                <SequencePoint vc="12" uspid="42" ordinal="6" sl="42" sc="1" el="42" ec="2" bec="0" bev="0" fileid="2" />
                <SequencePoint vc="12" uspid="43" ordinal="7" sl="43" sc="1" el="43" ec="2" bec="0" bev="0" fileid="2" />
                <SequencePoint vc="4" uspid="44" ordinal="8" sl="44" sc="1" el="44" ec="2" bec="0" bev="0" fileid="2" />
                <SequencePoint vc="4" uspid="45" ordinal="9" sl="45" sc="1" el="45" ec="2" bec="0" bev="0" fileid="2" />
                <SequencePoint vc="4" uspid="46" ordinal="10" sl="46" sc="1" el="46" ec="2" bec="0" bev="0" fileid="2" />
              </SequencePoints>
              <BranchPoints>
                <BranchPoint vc="0" uspid="37" ordinal="0" path="0" offset="9" offsetend="11" sl="37" fileid="2" />
                <BranchPoint vc="4" uspid="37" ordinal="1" path="1" offset="9" offsetend="22" sl="37" fileid="2" />
                <BranchPoint vc="1" uspid="38" ordinal="2" path="0" offset="28" offsetend="30" sl="38" fileid="2" />
                <BranchPoint vc="4" uspid="38" ordinal="3" path="1" offset="28" offsetend="53" sl="38" fileid="2" />
                <BranchPoint vc="12" uspid="39" ordinal="5" path="1" offset="91" offsetend="56" sl="39" fileid="2" />
                <BranchPoint vc="4" uspid="39" ordinal="4" path="0" offset="91" offsetend="93" sl="39" fileid="2" />
              </BranchPoints>
              <MethodPoint vc="11" uspid="0" p8:type="SequencePoint" ordinal="1" offset="1" sc="0" sl="36" ec="1" el="46" bec="0" bev="0" fileid="2" xmlns:p8="xsi" />
            </Method>
            <Method cyclomaticComplexity="1" nPathComplexity="1" sequenceCoverage="100" branchCoverage="100" isConstructor="False" isGetter="False" isSetter="False" isStatic="True">
              <Summary numSequencePoints="4" visitedSequencePoints="4" numBranchPoints="0" visitedBranchPoints="0" sequenceCoverage="100" branchCoverage="100" maxCyclomaticComplexity="1" minCyclomaticComplexity="1" visitedClasses="0" numClasses="0" visitedMethods="1" numMethods="1" />
              <MetadataToken />
              <Name>RulesChain.Contracts.IRuleChain`1&lt;TContext&gt; RulesChain.RuleChain`1::Use()</Name>
              <FileRef uid="2" />
              <SequencePoints>
                <SequencePoint vc="12" uspid="50" ordinal="0" sl="50" sc="1" el="50" ec="2" bec="0" bev="0" fileid="2" />
                <SequencePoint vc="12" uspid="51" ordinal="1" sl="51" sc="1" el="51" ec="2" bec="0" bev="0" fileid="2" />
                <SequencePoint vc="12" uspid="52" ordinal="2" sl="52" sc="1" el="52" ec="2" bec="0" bev="0" fileid="2" />
                <SequencePoint vc="12" uspid="53" ordinal="3" sl="53" sc="1" el="53" ec="2" bec="0" bev="0" fileid="2" />
              </SequencePoints>
              <BranchPoints />
              <MethodPoint vc="4" uspid="0" p8:type="SequencePoint" ordinal="2" offset="2" sc="0" sl="50" ec="1" el="53" bec="0" bev="0" fileid="2" xmlns:p8="xsi" />
            </Method>
            <Method cyclomaticComplexity="2" nPathComplexity="2" sequenceCoverage="100" branchCoverage="100" isConstructor="False" isGetter="False" isSetter="False" isStatic="True">
              <Summary numSequencePoints="11" visitedSequencePoints="11" numBranchPoints="2" visitedBranchPoints="2" sequenceCoverage="100" branchCoverage="100" maxCyclomaticComplexity="2" minCyclomaticComplexity="2" visitedClasses="0" numClasses="0" visitedMethods="1" numMethods="1" />
              <MetadataToken />
              <Name>RulesChain.Contracts.RuleHandlerDelegate`1&lt;TContext&gt; RulesChain.RuleChain`1::CreateDelegate(RulesChain.Contracts.RuleHandlerDelegate`1&lt;TContext&gt;)</Name>
              <FileRef uid="2" />
              <SequencePoints>
                <SequencePoint vc="12" uspid="56" ordinal="0" sl="56" sc="1" el="56" ec="2" bec="0" bev="0" fileid="2" />
                <SequencePoint vc="12" uspid="57" ordinal="1" sl="57" sc="1" el="57" ec="2" bec="0" bev="0" fileid="2" />
                <SequencePoint vc="12" uspid="58" ordinal="2" sl="58" sc="1" el="58" ec="2" bec="0" bev="0" fileid="2" />
                <SequencePoint vc="12" uspid="61" ordinal="3" sl="61" sc="1" el="61" ec="2" bec="0" bev="0" fileid="2" />
                <SequencePoint vc="12" uspid="62" ordinal="4" sl="62" sc="1" el="62" ec="2" bec="0" bev="0" fileid="2" />
                <SequencePoint vc="12" uspid="63" ordinal="5" sl="63" sc="1" el="63" ec="2" bec="2" bev="2" fileid="2" />
                <SequencePoint vc="4" uspid="64" ordinal="6" sl="64" sc="1" el="64" ec="2" bec="0" bev="0" fileid="2" />
                <SequencePoint vc="12" uspid="67" ordinal="7" sl="67" sc="1" el="67" ec="2" bec="0" bev="0" fileid="2" />
                <SequencePoint vc="12" uspid="70" ordinal="8" sl="70" sc="1" el="70" ec="2" bec="0" bev="0" fileid="2" />
                <SequencePoint vc="12" uspid="71" ordinal="9" sl="71" sc="1" el="71" ec="2" bec="0" bev="0" fileid="2" />
                <SequencePoint vc="12" uspid="72" ordinal="10" sl="72" sc="1" el="72" ec="2" bec="0" bev="0" fileid="2" />
              </SequencePoints>
              <BranchPoints>
                <BranchPoint vc="4" uspid="63" ordinal="0" path="0" offset="62" offsetend="64" sl="63" fileid="2" />
                <BranchPoint vc="12" uspid="63" ordinal="1" path="1" offset="62" offsetend="77" sl="63" fileid="2" />
              </BranchPoints>
              <MethodPoint vc="11" uspid="0" p8:type="SequencePoint" ordinal="3" offset="3" sc="0" sl="56" ec="1" el="72" bec="0" bev="0" fileid="2" xmlns:p8="xsi" />
            </Method>
            <Method cyclomaticComplexity="10" nPathComplexity="10" sequenceCoverage="72.72" branchCoverage="50" isConstructor="False" isGetter="False" isSetter="False" isStatic="True">
              <Summary numSequencePoints="11" visitedSequencePoints="8" numBranchPoints="10" visitedBranchPoints="5" sequenceCoverage="72.72" branchCoverage="50" maxCyclomaticComplexity="10" minCyclomaticComplexity="10" visitedClasses="0" numClasses="0" visitedMethods="1" numMethods="1" />
              <MetadataToken />
              <Name>System.Reflection.MethodInfo RulesChain.RuleChain`1::GetValidInvokeMethodInfo(System.Type)</Name>
              <FileRef uid="2" />
              <SequencePoints>
                <SequencePoint vc="12" uspid="75" ordinal="0" sl="75" sc="1" el="75" ec="2" bec="0" bev="0" fileid="2" />
                <SequencePoint vc="12" uspid="77" ordinal="1" sl="77" sc="1" el="77" ec="2" bec="2" bev="1" fileid="2" />
                <SequencePoint vc="12" uspid="78" ordinal="2" sl="78" sc="1" el="78" ec="2" bec="2" bev="1" fileid="2" />
                <SequencePoint vc="0" uspid="79" ordinal="3" sl="79" sc="1" el="79" ec="2" bec="0" bev="0" fileid="2" />
                <SequencePoint vc="12" uspid="82" ordinal="4" sl="82" sc="1" el="82" ec="2" bec="2" bev="1" fileid="2" />
                <SequencePoint vc="0" uspid="83" ordinal="5" sl="83" sc="1" el="83" ec="2" bec="0" bev="0" fileid="2" />
                <SequencePoint vc="12" uspid="86" ordinal="6" sl="86" sc="1" el="86" ec="2" bec="0" bev="0" fileid="2" />
                <SequencePoint vc="12" uspid="87" ordinal="7" sl="87" sc="1" el="87" ec="2" bec="4" bev="2" fileid="2" />
                <SequencePoint vc="0" uspid="88" ordinal="8" sl="88" sc="1" el="88" ec="2" bec="0" bev="0" fileid="2" />
                <SequencePoint vc="12" uspid="90" ordinal="9" sl="90" sc="1" el="90" ec="2" bec="0" bev="0" fileid="2" />
                <SequencePoint vc="12" uspid="91" ordinal="10" sl="91" sc="1" el="91" ec="2" bec="0" bev="0" fileid="2" />
              </SequencePoints>
              <BranchPoints>
                <BranchPoint vc="0" uspid="77" ordinal="0" path="0" offset="13" offsetend="15" sl="77" fileid="2" />
                <BranchPoint vc="12" uspid="77" ordinal="1" path="1" offset="13" offsetend="27" sl="77" fileid="2" />
                <BranchPoint vc="0" uspid="78" ordinal="2" path="0" offset="37" offsetend="39" sl="78" fileid="2" />
                <BranchPoint vc="12" uspid="78" ordinal="3" path="1" offset="37" offsetend="50" sl="78" fileid="2" />
                <BranchPoint vc="0" uspid="82" ordinal="4" path="0" offset="76" offsetend="78" sl="82" fileid="2" />
                <BranchPoint vc="12" uspid="82" ordinal="5" path="1" offset="76" offsetend="89" sl="82" fileid="2" />
                <BranchPoint vc="12" uspid="87" ordinal="6" path="0" offset="100" offsetend="102" sl="87" fileid="2" />
                <BranchPoint vc="0" uspid="87" ordinal="7" path="1" offset="100" offsetend="127" sl="87" fileid="2" />
                <BranchPoint vc="0" uspid="87" ordinal="8" path="0" offset="132" offsetend="134" sl="87" fileid="2" />
                <BranchPoint vc="12" uspid="87" ordinal="9" path="1" offset="132" offsetend="145" sl="87" fileid="2" />
              </BranchPoints>
              <MethodPoint vc="8" uspid="0" p8:type="SequencePoint" ordinal="4" offset="4" sc="0" sl="75" ec="1" el="91" bec="0" bev="0" fileid="2" xmlns:p8="xsi" />
            </Method>
            <Method cyclomaticComplexity="10" nPathComplexity="10" sequenceCoverage="91.66" branchCoverage="60" isConstructor="False" isGetter="False" isSetter="False" isStatic="True">
              <Summary numSequencePoints="12" visitedSequencePoints="11" numBranchPoints="10" visitedBranchPoints="6" sequenceCoverage="91.66" branchCoverage="60" maxCyclomaticComplexity="10" minCyclomaticComplexity="10" visitedClasses="0" numClasses="0" visitedMethods="1" numMethods="1" />
              <MetadataToken />
              <Name>System.Object[] RulesChain.RuleChain`1::GetDependencies(System.Type,System.Func`3&lt;System.Type,System.Object[],System.Object&gt;)</Name>
              <FileRef uid="2" />
              <SequencePoints>
                <SequencePoint vc="12" uspid="94" ordinal="0" sl="94" sc="1" el="94" ec="2" bec="0" bev="0" fileid="2" />
                <SequencePoint vc="24" uspid="95" ordinal="1" sl="95" sc="1" el="95" ec="2" bec="2" bev="2" fileid="2" />
                <SequencePoint vc="12" uspid="96" ordinal="2" sl="96" sc="1" el="96" ec="2" bec="4" bev="1" fileid="2" />
                <SequencePoint vc="12" uspid="97" ordinal="3" sl="97" sc="1" el="97" ec="2" bec="0" bev="0" fileid="2" />
                <SequencePoint vc="12" uspid="99" ordinal="4" sl="99" sc="1" el="99" ec="2" bec="2" bev="1" fileid="2" />
                <SequencePoint vc="0" uspid="100" ordinal="5" sl="100" sc="1" el="100" ec="2" bec="0" bev="0" fileid="2" />
                <SequencePoint vc="28" uspid="102" ordinal="6" sl="102" sc="1" el="102" ec="2" bec="2" bev="2" fileid="2" />
                <SequencePoint vc="12" uspid="103" ordinal="7" sl="103" sc="1" el="103" ec="2" bec="0" bev="0" fileid="2" />
                <SequencePoint vc="12" uspid="104" ordinal="8" sl="104" sc="1" el="104" ec="2" bec="0" bev="0" fileid="2" />
                <SequencePoint vc="4" uspid="105" ordinal="9" sl="105" sc="1" el="105" ec="2" bec="0" bev="0" fileid="2" />
                <SequencePoint vc="12" uspid="106" ordinal="10" sl="106" sc="1" el="106" ec="2" bec="0" bev="0" fileid="2" />
                <SequencePoint vc="12" uspid="107" ordinal="11" sl="107" sc="1" el="107" ec="2" bec="0" bev="0" fileid="2" />
              </SequencePoints>
              <BranchPoints>
                <BranchPoint vc="1" uspid="95" ordinal="0" path="0" offset="26" offsetend="28" sl="95" fileid="2" />
                <BranchPoint vc="12" uspid="95" ordinal="1" path="1" offset="26" offsetend="51" sl="95" fileid="2" />
                <BranchPoint vc="0" uspid="96" ordinal="2" path="0" offset="66" offsetend="68" sl="96" fileid="2" />
                <BranchPoint vc="0" uspid="96" ordinal="4" path="0" offset="75" offsetend="77" sl="96" fileid="2" />
                <BranchPoint vc="0" uspid="96" ordinal="5" path="1" offset="75" offsetend="100" sl="96" fileid="2" />
                <BranchPoint vc="12" uspid="96" ordinal="3" path="1" offset="66" offsetend="112" sl="96" fileid="2" />
                <BranchPoint vc="0" uspid="99" ordinal="6" path="0" offset="127" offsetend="129" sl="99" fileid="2" />
                <BranchPoint vc="12" uspid="99" ordinal="7" path="1" offset="127" offsetend="138" sl="99" fileid="2" />
                <BranchPoint vc="1" uspid="102" ordinal="8" path="0" offset="150" offsetend="152" sl="102" fileid="2" />
                <BranchPoint vc="12" uspid="102" ordinal="9" path="1" offset="150" offsetend="175" sl="102" fileid="2" />
              </BranchPoints>
              <MethodPoint vc="11" uspid="0" p8:type="SequencePoint" ordinal="5" offset="5" sc="0" sl="94" ec="1" el="107" bec="0" bev="0" fileid="2" xmlns:p8="xsi" />
            </Method>
            <Method cyclomaticComplexity="1" nPathComplexity="1" sequenceCoverage="100" branchCoverage="100" isConstructor="True" isGetter="False" isSetter="False" isStatic="True">
              <Summary numSequencePoints="3" visitedSequencePoints="3" numBranchPoints="0" visitedBranchPoints="0" sequenceCoverage="100" branchCoverage="100" maxCyclomaticComplexity="1" minCyclomaticComplexity="1" visitedClasses="0" numClasses="0" visitedMethods="1" numMethods="1" />
              <MetadataToken />
              <Name>System.Void RulesChain.RuleChain`1::.ctor(System.IServiceProvider)</Name>
              <FileRef uid="2" />
              <SequencePoints>
                <SequencePoint vc="4" uspid="14" ordinal="0" sl="14" sc="1" el="14" ec="2" bec="0" bev="0" fileid="2" />
                <SequencePoint vc="4" uspid="15" ordinal="1" sl="15" sc="1" el="15" ec="2" bec="0" bev="0" fileid="2" />
                <SequencePoint vc="8" uspid="19" ordinal="2" sl="19" sc="1" el="19" ec="2" bec="0" bev="0" fileid="2" />
              </SequencePoints>
              <BranchPoints />
              <MethodPoint vc="3" uspid="0" p8:type="SequencePoint" ordinal="6" offset="6" sc="0" sl="14" ec="1" el="19" bec="0" bev="0" fileid="2" xmlns:p8="xsi" />
            </Method>
          </Methods>
        </Class>
      </Classes>
    </Module>
  </Modules>
</CoverageSession>