<?xml version="1.0" encoding="utf-8" standalone="yes"?>
<CoverageSession xmlns:xsd="http://www.w3.org/2001/XMLSchema" xmlns:xsi="http://www.w3.org/2001/XMLSchema-instance">
  <Summary numSequencePoints="65" visitedSequencePoints="64" numBranchPoints="38" visitedBranchPoints="28" sequenceCoverage="98.46" branchCoverage="73.68" maxCyclomaticComplexity="6" minCyclomaticComplexity="1" visitedClasses="4" numClasses="4" visitedMethods="14" numMethods="14" minCrapScore="1" maxCrapScore="6.07" />
  <Modules>
    <Module hash="54-28-02-49-82-C8-85-F8-1C-46-EE-CD-7E-C5-EF-58-5A-BE-59-37">
      <Summary numSequencePoints="0" visitedSequencePoints="0" numBranchPoints="0" visitedBranchPoints="0" sequenceCoverage="0" branchCoverage="0" maxCyclomaticComplexity="0" minCyclomaticComplexity="1" visitedClasses="0" numClasses="0" visitedMethods="0" numMethods="0" minCrapScore="0" maxCrapScore="0" />
      <ModulePath>D:\projetos\open-source\RulesChain\test\RulesCHain.UnitTest\bin\Debug\net7.0\RulesChain.Contracts.dll</ModulePath>
      <ModuleTime>2023-08-27T15:53:26.4704637Z</ModuleTime>
      <ModuleName>RulesChain.Contracts</ModuleName>
      <Files />
      <Classes />
    </Module>
    <Module hash="E4-E6-3A-A6-FA-1D-82-D0-CC-55-7D-30-5A-42-56-BC-99-4C-98-5E">
      <Summary numSequencePoints="65" visitedSequencePoints="64" numBranchPoints="38" visitedBranchPoints="28" sequenceCoverage="98.46" branchCoverage="73.68" maxCyclomaticComplexity="6" minCyclomaticComplexity="1" visitedClasses="4" numClasses="4" visitedMethods="14" numMethods="14" minCrapScore="1" maxCrapScore="6.07" />
      <ModulePath>D:\projetos\open-source\RulesChain\test\RulesCHain.UnitTest\bin\Debug\net7.0\RulesChain.dll</ModulePath>
      <ModuleTime>2023-08-27T15:53:26.6866316Z</ModuleTime>
      <ModuleName>RulesChain</ModuleName>
      <Files>
        <File uid="1" fullPath="D:\projetos\open-source\RulesChain\src\RulesChain\Rule.cs" />
        <File uid="2" fullPath="D:\projetos\open-source\RulesChain\src\RulesChain\RuleChain.cs" />
      </Files>
      <Classes>
        <Class>
          <Summary numSequencePoints="9" visitedSequencePoints="9" numBranchPoints="6" visitedBranchPoints="5" sequenceCoverage="100" branchCoverage="83.33" maxCyclomaticComplexity="3" minCyclomaticComplexity="1" visitedClasses="1" numClasses="1" visitedMethods="2" numMethods="2" minCrapScore="1" maxCrapScore="3" />
          <FullName>RulesChain.Rule`1</FullName>
          <Methods>
            <Method visited="true" cyclomaticComplexity="1" nPathComplexity="0" sequenceCoverage="100" branchCoverage="0" isConstructor="true" isStatic="false" isGetter="false" isSetter="false" crapScore="1">
              <Summary numSequencePoints="4" visitedSequencePoints="4" numBranchPoints="1" visitedBranchPoints="0" sequenceCoverage="100" branchCoverage="0" maxCyclomaticComplexity="1" minCyclomaticComplexity="1" visitedClasses="0" numClasses="0" visitedMethods="1" numMethods="1" minCrapScore="1" maxCrapScore="1" />
              <MetadataToken>100663297</MetadataToken>
              <Name>System.Void RulesChain.Rule`1::.ctor(RulesChain.Contracts.RuleHandlerDelegate`1&lt;TContext&gt;)</Name>
              <FileRef uid="1" />
              <SequencePoints>
                <SequencePoint vc="17" uspid="3" ordinal="0" offset="0" sl="11" sc="9" el="11" ec="59" bec="0" bev="0" fileid="1" />
                <SequencePoint vc="17" uspid="2" ordinal="1" offset="7" sl="12" sc="9" el="12" ec="10" bec="0" bev="0" fileid="1" />
                <SequencePoint vc="17" uspid="1" ordinal="2" offset="8" sl="13" sc="13" el="13" ec="25" bec="0" bev="0" fileid="1" />
                <SequencePoint vc="17" uspid="0" ordinal="3" offset="15" sl="14" sc="9" el="14" ec="10" bec="0" bev="0" fileid="1" />
              </SequencePoints>
              <BranchPoints />
              <MethodPoint xsi:type="SequencePoint" vc="17" uspid="3" ordinal="0" offset="0" sl="11" sc="9" el="11" ec="59" bec="0" bev="0" fileid="1" />
            </Method>
            <Method visited="true" cyclomaticComplexity="3" nPathComplexity="4" sequenceCoverage="100" branchCoverage="100" isConstructor="false" isStatic="false" isGetter="false" isSetter="false" crapScore="3">
              <Summary numSequencePoints="5" visitedSequencePoints="5" numBranchPoints="5" visitedBranchPoints="5" sequenceCoverage="100" branchCoverage="100" maxCyclomaticComplexity="3" minCyclomaticComplexity="3" visitedClasses="0" numClasses="0" visitedMethods="1" numMethods="1" minCrapScore="3" maxCrapScore="3" />
              <MetadataToken>100663300</MetadataToken>
              <Name>System.Threading.Tasks.Task RulesChain.Rule`1::Invoke(TContext)</Name>
              <FileRef uid="1" />
              <SequencePoints>
                <SequencePoint vc="15" uspid="8" ordinal="0" offset="0" sl="24" sc="9" el="24" ec="10" bec="0" bev="0" fileid="1" />
                <SequencePoint vc="15" uspid="7" ordinal="1" offset="1" sl="25" sc="13" el="25" ec="35" bec="2" bev="2" fileid="1" />
                <SequencePoint vc="12" uspid="6" ordinal="2" offset="12" sl="26" sc="17" el="26" ec="37" bec="0" bev="0" fileid="1" />
                <SequencePoint vc="3" uspid="5" ordinal="3" offset="22" sl="28" sc="13" el="30" ec="42" bec="2" bev="2" fileid="1" />
                <SequencePoint vc="15" uspid="4" ordinal="4" offset="52" sl="31" sc="9" el="31" ec="10" bec="0" bev="0" fileid="1" />
              </SequencePoints>
              <BranchPoints>
                <BranchPoint vc="12" uspid="0" ordinal="0" offset="10" sl="25" path="0" offsetend="12" fileid="1" />
                <BranchPoint vc="3" uspid="1" ordinal="1" offset="10" sl="25" path="1" offsetend="22" fileid="1" />
                <BranchPoint vc="1" uspid="2" ordinal="2" offset="28" sl="28" path="0" offsetchain="49 30" offsetend="52" fileid="1" />
                <BranchPoint vc="2" uspid="3" ordinal="3" offset="28" sl="28" path="1" offsetchain="37" offsetend="52" fileid="1" />
              </BranchPoints>
              <MethodPoint xsi:type="SequencePoint" vc="15" uspid="8" ordinal="0" offset="0" sl="24" sc="9" el="24" ec="10" bec="0" bev="0" fileid="1" />
            </Method>
          </Methods>
        </Class>
        <Class>
          <Summary numSequencePoints="51" visitedSequencePoints="50" numBranchPoints="27" visitedBranchPoints="23" sequenceCoverage="98.04" branchCoverage="85.19" maxCyclomaticComplexity="6" minCyclomaticComplexity="1" visitedClasses="1" numClasses="1" visitedMethods="7" numMethods="7" minCrapScore="1" maxCrapScore="6.07" />
          <FullName>RulesChain.RuleChain`1</FullName>
          <Methods>
            <Method visited="true" cyclomaticComplexity="1" nPathComplexity="0" sequenceCoverage="100" branchCoverage="0" isConstructor="true" isStatic="false" isGetter="false" isSetter="false" crapScore="1">
              <Summary numSequencePoints="3" visitedSequencePoints="3" numBranchPoints="1" visitedBranchPoints="0" sequenceCoverage="100" branchCoverage="0" maxCyclomaticComplexity="1" minCyclomaticComplexity="1" visitedClasses="0" numClasses="0" visitedMethods="1" numMethods="1" minCrapScore="1" maxCrapScore="1" />
              <MetadataToken>100663301</MetadataToken>
              <Name>System.Void RulesChain.RuleChain`1::.ctor(System.IServiceProvider)</Name>
              <FileRef uid="2" />
              <SequencePoints>
                <SequencePoint vc="9" uspid="11" ordinal="0" offset="0" sl="15" sc="9" el="16" ec="93" bec="0" bev="0" fileid="2" />
                <SequencePoint vc="9" uspid="10" ordinal="1" offset="11" sl="20" sc="9" el="20" ec="52" bec="0" bev="0" fileid="2" />
                <SequencePoint vc="9" uspid="9" ordinal="2" offset="18" sl="20" sc="56" el="20" ec="76" bec="0" bev="0" fileid="2" />
              </SequencePoints>
              <BranchPoints />
              <MethodPoint xsi:type="SequencePoint" vc="9" uspid="11" ordinal="0" offset="0" sl="15" sc="9" el="16" ec="93" bec="0" bev="0" fileid="2" />
            </Method>
            <Method visited="true" cyclomaticComplexity="3" nPathComplexity="4" sequenceCoverage="100" branchCoverage="80" isConstructor="false" isStatic="false" isGetter="false" isSetter="false" crapScore="3">
              <Summary numSequencePoints="3" visitedSequencePoints="3" numBranchPoints="5" visitedBranchPoints="4" sequenceCoverage="100" branchCoverage="80" maxCyclomaticComplexity="3" minCyclomaticComplexity="3" visitedClasses="0" numClasses="0" visitedMethods="1" numMethods="1" minCrapScore="3" maxCrapScore="3" />
              <MetadataToken>100663302</MetadataToken>
              <Name>System.Object RulesChain.RuleChain`1::GetService(System.Type,System.Object[])</Name>
              <FileRef uid="2" />
              <SequencePoints>
                <SequencePoint vc="25" uspid="14" ordinal="0" offset="0" sl="29" sc="9" el="29" ec="10" bec="0" bev="0" fileid="2" />
                <SequencePoint vc="25" uspid="13" ordinal="1" offset="1" sl="30" sc="13" el="32" ec="56" bec="4" bev="3" fileid="2" />
                <SequencePoint vc="25" uspid="12" ordinal="2" offset="32" sl="33" sc="9" el="33" ec="10" bec="0" bev="0" fileid="2" />
              </SequencePoints>
              <BranchPoints>
                <BranchPoint vc="15" uspid="4" ordinal="0" offset="2" sl="30" path="0" offsetend="4" fileid="2" />
                <BranchPoint vc="10" uspid="5" ordinal="1" offset="2" sl="30" path="1" offsetchain="17" offsetend="32" fileid="2" />
                <BranchPoint vc="15" uspid="6" ordinal="2" offset="6" sl="30" path="0" offsetchain="29 8" offsetend="32" fileid="2" />
                <BranchPoint vc="0" uspid="7" ordinal="3" offset="6" sl="30" path="1" offsetchain="17" offsetend="32" fileid="2" />
              </BranchPoints>
              <MethodPoint xsi:type="SequencePoint" vc="25" uspid="14" ordinal="0" offset="0" sl="29" sc="9" el="29" ec="10" bec="0" bev="0" fileid="2" />
            </Method>
            <Method visited="true" cyclomaticComplexity="4" nPathComplexity="8" sequenceCoverage="100" branchCoverage="100" isConstructor="false" isStatic="false" isGetter="false" isSetter="false" crapScore="4">
              <Summary numSequencePoints="12" visitedSequencePoints="12" numBranchPoints="7" visitedBranchPoints="7" sequenceCoverage="100" branchCoverage="100" maxCyclomaticComplexity="4" minCyclomaticComplexity="4" visitedClasses="0" numClasses="0" visitedMethods="1" numMethods="1" minCrapScore="4" maxCrapScore="4" />
              <MetadataToken>100663303</MetadataToken>
              <Name>RulesChain.Contracts.RuleHandlerDelegate`1&lt;TContext&gt; RulesChain.RuleChain`1::Build()</Name>
              <FileRef uid="2" />
              <SequencePoints>
                <SequencePoint vc="7" uspid="26" ordinal="0" offset="0" sl="37" sc="9" el="37" ec="10" bec="0" bev="0" fileid="2" />
                <SequencePoint vc="7" uspid="25" ordinal="1" offset="1" sl="38" sc="13" el="38" ec="24" bec="2" bev="0" fileid="2" />
                <SequencePoint vc="1" uspid="24" ordinal="2" offset="11" sl="38" sc="25" el="38" ec="93" bec="0" bev="2" fileid="2" />
                <SequencePoint vc="6" uspid="23" ordinal="3" offset="22" sl="39" sc="13" el="39" ec="89" bec="2" bev="2" fileid="2" />
                <SequencePoint vc="15" uspid="22" ordinal="4" offset="56" sl="41" sc="13" el="41" ec="14" bec="0" bev="0" fileid="2" />
                <SequencePoint vc="15" uspid="21" ordinal="5" offset="57" sl="43" sc="17" el="43" ec="51" bec="0" bev="0" fileid="2" />
                <SequencePoint vc="15" uspid="20" ordinal="6" offset="69" sl="44" sc="17" el="44" ec="40" bec="0" bev="0" fileid="2" />
                <SequencePoint vc="15" uspid="19" ordinal="7" offset="77" sl="45" sc="13" el="45" ec="14" bec="0" bev="0" fileid="2" />
                <SequencePoint vc="21" uspid="18" ordinal="8" offset="78" sl="40" sc="13" el="40" ec="38" bec="2" bev="2" fileid="2" />
                <SequencePoint vc="6" uspid="17" ordinal="9" offset="93" sl="46" sc="13" el="46" ec="27" bec="0" bev="0" fileid="2" />
                <SequencePoint vc="6" uspid="16" ordinal="10" offset="100" sl="47" sc="13" el="47" ec="25" bec="0" bev="0" fileid="2" />
                <SequencePoint vc="6" uspid="15" ordinal="11" offset="105" sl="48" sc="9" el="48" ec="10" bec="0" bev="0" fileid="2" />
              </SequencePoints>
              <BranchPoints>
                <BranchPoint vc="1" uspid="8" ordinal="0" offset="9" sl="38" path="0" offsetend="11" fileid="2" />
                <BranchPoint vc="6" uspid="9" ordinal="1" offset="9" sl="38" path="1" offsetend="22" fileid="2" />
                <BranchPoint vc="1" uspid="10" ordinal="2" offset="28" sl="39" path="0" offsetchain="30" offsetend="78" fileid="2" />
                <BranchPoint vc="5" uspid="11" ordinal="3" offset="28" sl="39" path="1" offsetchain="53" offsetend="78" fileid="2" />
                <BranchPoint vc="6" uspid="12" ordinal="4" offset="91" sl="40" path="0" offsetend="93" fileid="2" />
                <BranchPoint vc="15" uspid="13" ordinal="5" offset="91" sl="40" path="1" offsetend="56" fileid="2" />
              </BranchPoints>
              <MethodPoint xsi:type="SequencePoint" vc="7" uspid="26" ordinal="0" offset="0" sl="37" sc="9" el="37" ec="10" bec="0" bev="0" fileid="2" />
            </Method>
            <Method visited="true" cyclomaticComplexity="1" nPathComplexity="0" sequenceCoverage="100" branchCoverage="0" isConstructor="false" isStatic="false" isGetter="false" isSetter="false" crapScore="1">
              <Summary numSequencePoints="4" visitedSequencePoints="4" numBranchPoints="1" visitedBranchPoints="0" sequenceCoverage="100" branchCoverage="0" maxCyclomaticComplexity="1" minCyclomaticComplexity="1" visitedClasses="0" numClasses="0" visitedMethods="1" numMethods="1" minCrapScore="1" maxCrapScore="1" />
              <MetadataToken>100663304</MetadataToken>
              <Name>RulesChain.Contracts.IRuleChain`1&lt;TContext&gt; RulesChain.RuleChain`1::Use()</Name>
              <FileRef uid="2" />
              <SequencePoints>
                <SequencePoint vc="15" uspid="30" ordinal="0" offset="0" sl="52" sc="9" el="52" ec="10" bec="0" bev="0" fileid="2" />
                <SequencePoint vc="15" uspid="29" ordinal="1" offset="1" sl="53" sc="13" el="53" ec="53" bec="0" bev="0" fileid="2" />
                <SequencePoint vc="15" uspid="28" ordinal="2" offset="25" sl="54" sc="13" el="54" ec="25" bec="0" bev="0" fileid="2" />
                <SequencePoint vc="15" uspid="27" ordinal="3" offset="29" sl="55" sc="9" el="55" ec="10" bec="0" bev="0" fileid="2" />
              </SequencePoints>
              <BranchPoints />
              <MethodPoint xsi:type="SequencePoint" vc="15" uspid="30" ordinal="0" offset="0" sl="52" sc="9" el="52" ec="10" bec="0" bev="0" fileid="2" />
            </Method>
            <Method visited="true" cyclomaticComplexity="2" nPathComplexity="2" sequenceCoverage="100" branchCoverage="100" isConstructor="false" isStatic="false" isGetter="false" isSetter="false" crapScore="2">
              <Summary numSequencePoints="10" visitedSequencePoints="10" numBranchPoints="3" visitedBranchPoints="3" sequenceCoverage="100" branchCoverage="100" maxCyclomaticComplexity="2" minCyclomaticComplexity="2" visitedClasses="0" numClasses="0" visitedMethods="1" numMethods="1" minCrapScore="2" maxCrapScore="2" />
              <MetadataToken>100663305</MetadataToken>
              <Name>RulesChain.Contracts.RuleHandlerDelegate`1&lt;TContext&gt; RulesChain.RuleChain`1::CreateDelegate(RulesChain.Contracts.RuleHandlerDelegate`1&lt;TContext&gt;)</Name>
              <FileRef uid="2" />
              <SequencePoints>
                <SequencePoint vc="15" uspid="40" ordinal="0" offset="0" sl="58" sc="9" el="58" ec="10" bec="0" bev="0" fileid="2" />
                <SequencePoint vc="15" uspid="39" ordinal="1" offset="1" sl="59" sc="13" el="59" ec="42" bec="0" bev="0" fileid="2" />
                <SequencePoint vc="15" uspid="38" ordinal="2" offset="12" sl="60" sc="13" el="60" ec="72" bec="0" bev="0" fileid="2" />
                <SequencePoint vc="15" uspid="37" ordinal="3" offset="20" sl="63" sc="13" el="63" ec="62" bec="0" bev="0" fileid="2" />
                <SequencePoint vc="15" uspid="36" ordinal="4" offset="31" sl="64" sc="13" el="64" ec="70" bec="0" bev="0" fileid="2" />
                <SequencePoint vc="15" uspid="35" ordinal="5" offset="52" sl="65" sc="13" el="65" ec="36" bec="2" bev="2" fileid="2" />
                <SequencePoint vc="10" uspid="34" ordinal="6" offset="64" sl="66" sc="17" el="66" ec="92" bec="0" bev="0" fileid="2" />
                <SequencePoint vc="15" uspid="33" ordinal="7" offset="77" sl="69" sc="13" el="69" ec="67" bec="0" bev="0" fileid="2" />
                <SequencePoint vc="15" uspid="32" ordinal="8" offset="87" sl="72" sc="13" el="73" ec="78" bec="0" bev="0" fileid="2" />
                <SequencePoint vc="15" uspid="31" ordinal="9" offset="114" sl="74" sc="9" el="74" ec="10" bec="0" bev="0" fileid="2" />
              </SequencePoints>
              <BranchPoints>
                <BranchPoint vc="10" uspid="14" ordinal="0" offset="62" sl="65" path="0" offsetend="64" fileid="2" />
                <BranchPoint vc="5" uspid="15" ordinal="1" offset="62" sl="65" path="1" offsetend="77" fileid="2" />
              </BranchPoints>
              <MethodPoint xsi:type="SequencePoint" vc="15" uspid="40" ordinal="0" offset="0" sl="58" sc="9" el="58" ec="10" bec="0" bev="0" fileid="2" />
            </Method>
            <Method visited="true" cyclomaticComplexity="5" nPathComplexity="8" sequenceCoverage="100" branchCoverage="100" isConstructor="false" isStatic="false" isGetter="false" isSetter="false" crapScore="5">
              <Summary numSequencePoints="11" visitedSequencePoints="11" numBranchPoints="7" visitedBranchPoints="7" sequenceCoverage="100" branchCoverage="100" maxCyclomaticComplexity="5" minCyclomaticComplexity="5" visitedClasses="0" numClasses="0" visitedMethods="1" numMethods="1" minCrapScore="5" maxCrapScore="5" />
              <MetadataToken>100663306</MetadataToken>
              <Name>System.Reflection.MethodInfo RulesChain.RuleChain`1::GetValidInvokeMethodInfo(System.Type)</Name>
              <FileRef uid="2" />
              <SequencePoints>
                <SequencePoint vc="18" uspid="51" ordinal="0" offset="0" sl="77" sc="9" el="77" ec="10" bec="0" bev="0" fileid="2" />
                <SequencePoint vc="18" uspid="50" ordinal="1" offset="1" sl="79" sc="13" el="79" ec="55" bec="0" bev="0" fileid="2" />
                <SequencePoint vc="18" uspid="49" ordinal="2" offset="13" sl="80" sc="13" el="80" ec="36" bec="2" bev="2" fileid="2" />
                <SequencePoint vc="1" uspid="48" ordinal="3" offset="24" sl="81" sc="17" el="81" ec="78" bec="0" bev="0" fileid="2" />
                <SequencePoint vc="17" uspid="47" ordinal="4" offset="35" sl="84" sc="13" el="84" ec="71" bec="2" bev="2" fileid="2" />
                <SequencePoint vc="1" uspid="46" ordinal="5" offset="63" sl="85" sc="17" el="85" ec="83" bec="0" bev="0" fileid="2" />
                <SequencePoint vc="16" uspid="45" ordinal="6" offset="74" sl="88" sc="13" el="88" ec="69" bec="0" bev="0" fileid="2" />
                <SequencePoint vc="16" uspid="44" ordinal="7" offset="81" sl="89" sc="13" el="89" ec="91" bec="2" bev="2" fileid="2" />
                <SequencePoint vc="1" uspid="43" ordinal="8" offset="119" sl="90" sc="17" el="90" ec="86" bec="0" bev="0" fileid="2" />
                <SequencePoint vc="15" uspid="42" ordinal="9" offset="130" sl="92" sc="13" el="92" ec="31" bec="0" bev="0" fileid="2" />
                <SequencePoint vc="15" uspid="41" ordinal="10" offset="135" sl="93" sc="9" el="93" ec="10" bec="0" bev="0" fileid="2" />
              </SequencePoints>
              <BranchPoints>
                <BranchPoint vc="1" uspid="16" ordinal="0" offset="22" sl="80" path="0" offsetend="24" fileid="2" />
                <BranchPoint vc="17" uspid="17" ordinal="1" offset="22" sl="80" path="1" offsetend="35" fileid="2" />
                <BranchPoint vc="1" uspid="18" ordinal="2" offset="61" sl="84" path="0" offsetend="63" fileid="2" />
                <BranchPoint vc="16" uspid="19" ordinal="3" offset="61" sl="84" path="1" offsetend="74" fileid="2" />
                <BranchPoint vc="1" uspid="20" ordinal="4" offset="117" sl="89" path="0" offsetend="119" fileid="2" />
                <BranchPoint vc="15" uspid="21" ordinal="5" offset="117" sl="89" path="1" offsetend="130" fileid="2" />
              </BranchPoints>
              <MethodPoint xsi:type="SequencePoint" vc="18" uspid="51" ordinal="0" offset="0" sl="77" sc="9" el="77" ec="10" bec="0" bev="0" fileid="2" />
            </Method>
            <Method visited="true" cyclomaticComplexity="6" nPathComplexity="2" sequenceCoverage="87.5" branchCoverage="66.67" isConstructor="false" isStatic="false" isGetter="false" isSetter="false" crapScore="6.07">
              <Summary numSequencePoints="8" visitedSequencePoints="7" numBranchPoints="3" visitedBranchPoints="2" sequenceCoverage="87.5" branchCoverage="66.67" maxCyclomaticComplexity="6" minCyclomaticComplexity="6" visitedClasses="0" numClasses="0" visitedMethods="1" numMethods="1" minCrapScore="6.07" maxCrapScore="6.07" />
              <MetadataToken>100663307</MetadataToken>
              <Name>System.Object[] RulesChain.RuleChain`1::GetDependencies(System.Type,System.Func`3&lt;System.Type,System.Object[],System.Object&gt;)</Name>
              <FileRef uid="2" />
              <SequencePoints>
                <SequencePoint vc="15" uspid="59" ordinal="0" offset="13" sl="96" sc="9" el="96" ec="10" bec="0" bev="0" fileid="2" />
                <SequencePoint vc="15" uspid="58" ordinal="1" offset="14" sl="97" sc="13" el="97" ec="98" bec="0" bev="0" fileid="2" />
                <SequencePoint vc="15" uspid="57" ordinal="2" offset="62" sl="98" sc="13" el="99" ec="98" bec="0" bev="0" fileid="2" />
                <SequencePoint vc="15" uspid="56" ordinal="3" offset="116" sl="101" sc="13" el="101" ec="37" bec="2" bev="1" fileid="2" />
                <SequencePoint vc="0" uspid="55" ordinal="4" offset="129" sl="102" sc="17" el="102" ec="46" bec="0" bev="0" fileid="2" />
                <SequencePoint vc="15" uspid="54" ordinal="5" offset="138" sl="104" sc="13" el="104" ec="100" bec="0" bev="0" fileid="2" />
                <SequencePoint vc="15" uspid="53" ordinal="6" offset="186" sl="105" sc="13" el="108" ec="28" bec="0" bev="0" fileid="2" />
                <SequencePoint vc="15" uspid="52" ordinal="7" offset="219" sl="109" sc="9" el="109" ec="10" bec="0" bev="0" fileid="2" />
              </SequencePoints>
              <BranchPoints>
                <BranchPoint vc="0" uspid="22" ordinal="0" offset="127" sl="101" path="0" offsetend="129" fileid="2" />
                <BranchPoint vc="15" uspid="23" ordinal="1" offset="127" sl="101" path="1" offsetend="138" fileid="2" />
              </BranchPoints>
              <MethodPoint xsi:type="SequencePoint" vc="15" uspid="59" ordinal="0" offset="13" sl="96" sc="9" el="96" ec="10" bec="0" bev="0" fileid="2" />
            </Method>
          </Methods>
        </Class>
        <Class>
          <Summary numSequencePoints="4" visitedSequencePoints="4" numBranchPoints="4" visitedBranchPoints="0" sequenceCoverage="100" branchCoverage="0" maxCyclomaticComplexity="1" minCyclomaticComplexity="1" visitedClasses="1" numClasses="1" visitedMethods="4" numMethods="4" minCrapScore="1" maxCrapScore="1" />
          <FullName>RulesChain.RuleChain`1/&lt;&gt;c</FullName>
          <Methods>
            <Method visited="true" cyclomaticComplexity="1" nPathComplexity="0" sequenceCoverage="100" branchCoverage="0" isConstructor="false" isStatic="false" isGetter="false" isSetter="false" crapScore="1">
              <Summary numSequencePoints="1" visitedSequencePoints="1" numBranchPoints="1" visitedBranchPoints="0" sequenceCoverage="100" branchCoverage="0" maxCyclomaticComplexity="1" minCyclomaticComplexity="1" visitedClasses="0" numClasses="0" visitedMethods="1" numMethods="1" minCrapScore="1" maxCrapScore="1" />
              <MetadataToken>100663310</MetadataToken>
              <Name>System.Threading.Tasks.Task RulesChain.RuleChain`1/&lt;&gt;c::&lt;Build&gt;b__5_0(TContext)</Name>
              <FileRef uid="2" />
              <SequencePoints>
                <SequencePoint vc="5" uspid="60" ordinal="0" offset="0" sl="39" sc="69" el="39" ec="87" bec="0" bev="0" fileid="2" />
              </SequencePoints>
              <BranchPoints />
              <MethodPoint xsi:type="SequencePoint" vc="5" uspid="60" ordinal="0" offset="0" sl="39" sc="69" el="39" ec="87" bec="0" bev="0" fileid="2" />
            </Method>
            <Method visited="true" cyclomaticComplexity="1" nPathComplexity="0" sequenceCoverage="100" branchCoverage="0" isConstructor="false" isStatic="false" isGetter="false" isSetter="false" crapScore="1">
              <Summary numSequencePoints="1" visitedSequencePoints="1" numBranchPoints="1" visitedBranchPoints="0" sequenceCoverage="100" branchCoverage="0" maxCyclomaticComplexity="1" minCyclomaticComplexity="1" visitedClasses="0" numClasses="0" visitedMethods="1" numMethods="1" minCrapScore="1" maxCrapScore="1" />
              <MetadataToken>100663311</MetadataToken>
              <Name>System.Boolean RulesChain.RuleChain`1/&lt;&gt;c::&lt;GetDependencies&gt;b__9_0(System.Reflection.ConstructorInfo)</Name>
              <FileRef uid="2" />
              <SequencePoints>
                <SequencePoint vc="20" uspid="61" ordinal="0" offset="0" sl="97" sc="76" el="97" ec="86" bec="0" bev="0" fileid="2" />
              </SequencePoints>
              <BranchPoints />
              <MethodPoint xsi:type="SequencePoint" vc="20" uspid="61" ordinal="0" offset="0" sl="97" sc="76" el="97" ec="86" bec="0" bev="0" fileid="2" />
            </Method>
            <Method visited="true" cyclomaticComplexity="1" nPathComplexity="0" sequenceCoverage="100" branchCoverage="0" isConstructor="false" isStatic="false" isGetter="false" isSetter="false" crapScore="1">
              <Summary numSequencePoints="1" visitedSequencePoints="1" numBranchPoints="1" visitedBranchPoints="0" sequenceCoverage="100" branchCoverage="0" maxCyclomaticComplexity="1" minCyclomaticComplexity="1" visitedClasses="0" numClasses="0" visitedMethods="1" numMethods="1" minCrapScore="1" maxCrapScore="1" />
              <MetadataToken>100663312</MetadataToken>
              <Name>System.Int32 RulesChain.RuleChain`1/&lt;&gt;c::&lt;GetDependencies&gt;b__9_1(System.Reflection.ConstructorInfo)</Name>
              <FileRef uid="2" />
              <SequencePoints>
                <SequencePoint vc="10" uspid="62" ordinal="0" offset="0" sl="99" sc="55" el="99" ec="79" bec="0" bev="0" fileid="2" />
              </SequencePoints>
              <BranchPoints />
              <MethodPoint xsi:type="SequencePoint" vc="10" uspid="62" ordinal="0" offset="0" sl="99" sc="55" el="99" ec="79" bec="0" bev="0" fileid="2" />
            </Method>
            <Method visited="true" cyclomaticComplexity="1" nPathComplexity="0" sequenceCoverage="100" branchCoverage="0" isConstructor="false" isStatic="false" isGetter="false" isSetter="false" crapScore="1">
              <Summary numSequencePoints="1" visitedSequencePoints="1" numBranchPoints="1" visitedBranchPoints="0" sequenceCoverage="100" branchCoverage="0" maxCyclomaticComplexity="1" minCyclomaticComplexity="1" visitedClasses="0" numClasses="0" visitedMethods="1" numMethods="1" minCrapScore="1" maxCrapScore="1" />
              <MetadataToken>100663313</MetadataToken>
              <Name>System.Type RulesChain.RuleChain`1/&lt;&gt;c::&lt;GetDependencies&gt;b__9_2(System.Reflection.ParameterInfo)</Name>
              <FileRef uid="2" />
              <SequencePoints>
                <SequencePoint vc="25" uspid="63" ordinal="0" offset="0" sl="104" sc="73" el="104" ec="88" bec="0" bev="0" fileid="2" />
              </SequencePoints>
              <BranchPoints />
              <MethodPoint xsi:type="SequencePoint" vc="25" uspid="63" ordinal="0" offset="0" sl="104" sc="73" el="104" ec="88" bec="0" bev="0" fileid="2" />
            </Method>
          </Methods>
        </Class>
        <Class>
          <Summary numSequencePoints="1" visitedSequencePoints="1" numBranchPoints="1" visitedBranchPoints="0" sequenceCoverage="100" branchCoverage="0" maxCyclomaticComplexity="1" minCyclomaticComplexity="1" visitedClasses="1" numClasses="1" visitedMethods="1" numMethods="1" minCrapScore="1" maxCrapScore="1" />
          <FullName>RulesChain.RuleChain`1/&lt;&gt;c__DisplayClass9_0</FullName>
          <Methods>
            <Method visited="true" cyclomaticComplexity="1" nPathComplexity="0" sequenceCoverage="100" branchCoverage="0" isConstructor="false" isStatic="false" isGetter="false" isSetter="false" crapScore="1">
              <Summary numSequencePoints="1" visitedSequencePoints="1" numBranchPoints="1" visitedBranchPoints="0" sequenceCoverage="100" branchCoverage="0" maxCyclomaticComplexity="1" minCyclomaticComplexity="1" visitedClasses="0" numClasses="0" visitedMethods="1" numMethods="1" minCrapScore="1" maxCrapScore="1" />
              <MetadataToken>100663315</MetadataToken>
              <Name>System.Object RulesChain.RuleChain`1/&lt;&gt;c__DisplayClass9_0::&lt;GetDependencies&gt;b__3(System.Type)</Name>
              <FileRef uid="2" />
              <SequencePoints>
                <SequencePoint vc="10" uspid="64" ordinal="0" offset="0" sl="107" sc="38" el="107" ec="62" bec="0" bev="0" fileid="2" />
              </SequencePoints>
              <BranchPoints />
              <MethodPoint xsi:type="SequencePoint" vc="10" uspid="64" ordinal="0" offset="0" sl="107" sc="38" el="107" ec="62" bec="0" bev="0" fileid="2" />
            </Method>
          </Methods>
        </Class>
      </Classes>
    </Module>
    <Module skippedDueTo="Filter" hash="13-D1-97-4A-6A-27-D5-E5-E0-19-1F-08-8D-85-EE-04-E5-72-9A-4A">
      <ModulePath>D:\projetos\open-source\RulesChain\test\RulesCHain.UnitTest\bin\Debug\net7.0\RulesChain.UnitTest.dll</ModulePath>
      <ModuleTime>2023-08-27T16:04:26.1245109Z</ModuleTime>
      <ModuleName>RulesChain.UnitTest</ModuleName>
      <Classes />
    </Module>
  </Modules>
</CoverageSession>